\BOOKMARK [1][-]{section.1}{Dicion\341rio de \355cones}{}% 1
\BOOKMARK [1][-]{section.2}{Manual de Utiliza\347\343o}{}% 2
\BOOKMARK [2][-]{subsection.2.1}{Login}{section.2}% 3
\BOOKMARK [2][-]{subsection.2.2}{Gest\343o ou Administra\347\343o}{section.2}% 4
\BOOKMARK [2][-]{subsection.2.3}{Rotas}{section.2}% 5
\BOOKMARK [2][-]{subsection.2.4}{Cami\365es}{section.2}% 6
\BOOKMARK [2][-]{subsection.2.5}{Esta\347\365es}{section.2}% 7
\BOOKMARK [2][-]{subsection.2.6}{Configura\347\365es}{section.2}% 8
\BOOKMARK [2][-]{subsection.2.7}{Detalhes da rota}{section.2}% 9
\BOOKMARK [2][-]{subsection.2.8}{Contentores de uma rota}{section.2}% 10
\BOOKMARK [2][-]{subsection.2.9}{Zonas de coleta de uma rota}{section.2}% 11
\BOOKMARK [2][-]{subsection.2.10}{Coletas de uma rota}{section.2}% 12
\BOOKMARK [2][-]{subsection.2.11}{Aterros de uma rota}{section.2}% 13
\BOOKMARK [2][-]{subsection.2.12}{Detalhes de uma zona de coleta}{section.2}% 14
\BOOKMARK [2][-]{subsection.2.13}{Contentores de uma zona de coleta}{section.2}% 15
\BOOKMARK [2][-]{subsection.2.14}{Detalhes de um Contentor}{section.2}% 16
\BOOKMARK [2][-]{subsection.2.15}{Hist\363rico de coletas de um Contentor}{section.2}% 17
\BOOKMARK [2][-]{subsection.2.16}{Hist\363rico de lavagens de um Contentor}{section.2}% 18
\BOOKMARK [2][-]{subsection.2.17}{Configura\347\365es de um Contentor}{section.2}% 19
\BOOKMARK [2][-]{subsection.2.18}{Coletor}{section.2}% 20
\BOOKMARK [2][-]{subsection.2.19}{Coletor terminar a coleta}{section.2}% 21
